0 info it worked if it ends with ok
1 verbose cli [ '/home/pokeman/.nvm/v6.9.4/bin/node',
1 verbose cli   '/home/pokeman/.nvm/v6.9.4/bin/npm',
1 verbose cli   'start' ]
2 info using npm@3.10.10
3 info using node@v6.9.4
4 verbose run-script [ 'prestart', 'start', 'poststart' ]
5 info lifecycle node-grunt@1.0.0~prestart: node-grunt@1.0.0
6 silly lifecycle node-grunt@1.0.0~prestart: no script for prestart, continuing
7 info lifecycle node-grunt@1.0.0~start: node-grunt@1.0.0
8 verbose lifecycle node-grunt@1.0.0~start: unsafe-perm in lifecycle true
9 verbose lifecycle node-grunt@1.0.0~start: PATH: /home/pokeman/.nvm/v6.9.4/lib/node_modules/npm/bin/node-gyp-bin:/home/pokeman/Workspaces/eric_work/node-grunt/node_modules/.bin:/home/pokeman/.nvm/v6.9.4/bin:/home/pokeman/.rvm/gems/ruby-2.4.0/bin:/home/pokeman/.rvm/gems/ruby-2.4.0@global/bin:/home/pokeman/.rvm/rubies/ruby-2.4.0/bin:/usr/local/sbin:/usr/local/bin:/usr/sbin:/usr/bin:/sbin:/bin:/usr/games:/usr/local/games:/home/pokeman/.rvm/bin:/home/pokeman/.rvm/bin:/home/pokeman/dev/npm/bin:/home/pokeman/.rvm/bin
10 verbose lifecycle node-grunt@1.0.0~start: CWD: /home/pokeman/Workspaces/eric_work/node-grunt
11 silly lifecycle node-grunt@1.0.0~start: Args: [ '-c', 'node server.js' ]
12 silly lifecycle node-grunt@1.0.0~start: Returned: code: 1  signal: null
13 info lifecycle node-grunt@1.0.0~start: Failed to exec start script
14 verbose stack Error: node-grunt@1.0.0 start: `node server.js`
14 verbose stack Exit status 1
14 verbose stack     at EventEmitter.<anonymous> (/home/pokeman/.nvm/v6.9.4/lib/node_modules/npm/lib/utils/lifecycle.js:255:16)
14 verbose stack     at emitTwo (events.js:106:13)
14 verbose stack     at EventEmitter.emit (events.js:191:7)
14 verbose stack     at ChildProcess.<anonymous> (/home/pokeman/.nvm/v6.9.4/lib/node_modules/npm/lib/utils/spawn.js:40:14)
14 verbose stack     at emitTwo (events.js:106:13)
14 verbose stack     at ChildProcess.emit (events.js:191:7)
14 verbose stack     at maybeClose (internal/child_process.js:877:16)
14 verbose stack     at Process.ChildProcess._handle.onexit (internal/child_process.js:226:5)
15 verbose pkgid node-grunt@1.0.0
16 verbose cwd /home/pokeman/Workspaces/eric_work/node-grunt
17 error Linux 3.16.0-77-generic
18 error argv "/home/pokeman/.nvm/v6.9.4/bin/node" "/home/pokeman/.nvm/v6.9.4/bin/npm" "start"
19 error node v6.9.4
20 error npm  v3.10.10
21 error code ELIFECYCLE
22 error node-grunt@1.0.0 start: `node server.js`
22 error Exit status 1
23 error Failed at the node-grunt@1.0.0 start script 'node server.js'.
23 error Make sure you have the latest version of node.js and npm installed.
23 error If you do, this is most likely a problem with the node-grunt package,
23 error not with npm itself.
23 error Tell the author that this fails on your system:
23 error     node server.js
23 error You can get information on how to open an issue for this project with:
23 error     npm bugs node-grunt
23 error Or if that isn't available, you can get their info via:
23 error     npm owner ls node-grunt
23 error There is likely additional logging output above.
24 verbose exit [ 1, true ]
